  源.cpp
C:\Users\Wang\Desktop\C++\Project1\Vector.h(1,1): warning C4819: 该文件包含不能在当前代码页(936)中表示的字符。请将该文件保存为 Unicode 格式以防止数据丢失
  (编译源文件“源.cpp”)
  
C:\Users\Wang\Desktop\C++\Project1\Vector.h(1,1): warning C4819: 该文件包含不能在当前代码页(936)中表示的字符。请将该文件保存为 Unicode 格式以防止数据丢失
  (编译源文件“源.cpp”)
  
C:\Users\Wang\Desktop\C++\Project1\Vector.h(13,29): error C2953: “Vector”: 类模板已经定义
  (编译源文件“源.cpp”)
      C:\Users\Wang\Desktop\C++\Project1\Vector.h(13,29):
      参见“Vector”的声明
  
C:\Users\Wang\Desktop\C++\Project1\Vector.h(169,39): error C2244: “Vector::reverse”: 无法将函数定义与现有的声明匹配
  (编译源文件“源.cpp”)
      C:\Users\Wang\Desktop\C++\Project1\Vector.h(169,39):
      参见“Vector::reverse”的声明
      C:\Users\Wang\Desktop\C++\Project1\Vector.h(169,39):
      定义
      C:\Users\Wang\Desktop\C++\Project1\Vector.h(169,39):
      'void Vector::reverse(Rank,Rank)'
      C:\Users\Wang\Desktop\C++\Project1\Vector.h(169,39):
      现有声明
      C:\Users\Wang\Desktop\C++\Project1\Vector.h(166,7):
      'void Vector<T>::reverse(void)'
      C:\Users\Wang\Desktop\C++\Project1\Vector.h(164,7):
      'void Vector<T>::reverse(Rank,Rank)'
  
C:\Users\Wang\Desktop\C++\Project1\Vector.h(177,38): error C2244: “Vector::copyFrom”: 无法将函数定义与现有的声明匹配
  (编译源文件“源.cpp”)
      C:\Users\Wang\Desktop\C++\Project1\Vector.h(177,38):
      参见“Vector::copyFrom”的声明
      C:\Users\Wang\Desktop\C++\Project1\Vector.h(177,38):
      定义
      C:\Users\Wang\Desktop\C++\Project1\Vector.h(177,38):
      'void Vector::copyFrom(const T *,Rank,Rank)'
      C:\Users\Wang\Desktop\C++\Project1\Vector.h(177,38):
      现有声明
      C:\Users\Wang\Desktop\C++\Project1\Vector.h(21,7):
      'void Vector<T>::copyFrom(const T *,Rank,Rank)'
  
C:\Users\Wang\Desktop\C++\Project1\Vector.h(185,45): error C2244: “Vector::operator =”: 无法将函数定义与现有的声明匹配
  (编译源文件“源.cpp”)
      C:\Users\Wang\Desktop\C++\Project1\Vector.h(185,45):
      参见“Vector::operator =”的声明
      C:\Users\Wang\Desktop\C++\Project1\Vector.h(185,45):
      定义
      C:\Users\Wang\Desktop\C++\Project1\Vector.h(185,45):
      'Vector &Vector::operator =(const Vector &)'
      C:\Users\Wang\Desktop\C++\Project1\Vector.h(185,45):
      现有声明
      C:\Users\Wang\Desktop\C++\Project1\Vector.h(106,13):
      'Vector<T> &Vector<T>::operator =(const Vector<T> &)'
  
C:\Users\Wang\Desktop\C++\Project1\Vector.h(192,39): error C2244: “Vector::expand”: 无法将函数定义与现有的声明匹配
  (编译源文件“源.cpp”)
      C:\Users\Wang\Desktop\C++\Project1\Vector.h(192,39):
      参见“Vector::expand”的声明
      C:\Users\Wang\Desktop\C++\Project1\Vector.h(192,39):
      定义
      C:\Users\Wang\Desktop\C++\Project1\Vector.h(192,39):
      'void Vector::expand(void)'
      C:\Users\Wang\Desktop\C++\Project1\Vector.h(192,39):
      现有声明
      C:\Users\Wang\Desktop\C++\Project1\Vector.h(24,7):
      'void Vector<T>::expand(void)'
  
C:\Users\Wang\Desktop\C++\Project1\Vector.h(203,39): error C2244: “Vector::shrink”: 无法将函数定义与现有的声明匹配
  (编译源文件“源.cpp”)
      C:\Users\Wang\Desktop\C++\Project1\Vector.h(203,39):
      参见“Vector::shrink”的声明
      C:\Users\Wang\Desktop\C++\Project1\Vector.h(203,39):
      定义
      C:\Users\Wang\Desktop\C++\Project1\Vector.h(203,39):
      'void Vector::shrink(void)'
      C:\Users\Wang\Desktop\C++\Project1\Vector.h(203,39):
      现有声明
      C:\Users\Wang\Desktop\C++\Project1\Vector.h(27,7):
      'void Vector<T>::shrink(void)'
  
C:\Users\Wang\Desktop\C++\Project1\Vector.h(214,37): error C2244: “Vector::operator []”: 无法将函数定义与现有的声明匹配
  (编译源文件“源.cpp”)
      C:\Users\Wang\Desktop\C++\Project1\Vector.h(214,37):
      参见“Vector::operator []”的声明
      C:\Users\Wang\Desktop\C++\Project1\Vector.h(214,37):
      定义
      C:\Users\Wang\Desktop\C++\Project1\Vector.h(214,37):
      'T &Vector::operator [](Rank)'
      C:\Users\Wang\Desktop\C++\Project1\Vector.h(214,37):
      现有声明
      C:\Users\Wang\Desktop\C++\Project1\Vector.h(102,5):
      'T &Vector<T>::operator [](Rank)'
  
C:\Users\Wang\Desktop\C++\Project1\Vector.h(219,28): error C2995: “void permute(Vector<T> &)”: 函数模板已经定义
  (编译源文件“源.cpp”)
      C:\Users\Wang\Desktop\C++\Project1\Vector.h(219,28):
      参见“permute”的声明
  
C:\Users\Wang\Desktop\C++\Project1\Vector.h(225,39): error C2244: “Vector::unsort”: 无法将函数定义与现有的声明匹配
  (编译源文件“源.cpp”)
      C:\Users\Wang\Desktop\C++\Project1\Vector.h(225,39):
      参见“Vector::unsort”的声明
      C:\Users\Wang\Desktop\C++\Project1\Vector.h(225,39):
      定义
      C:\Users\Wang\Desktop\C++\Project1\Vector.h(225,39):
      'void Vector::unsort(Rank,Rank)'
      C:\Users\Wang\Desktop\C++\Project1\Vector.h(225,39):
      现有声明
      C:\Users\Wang\Desktop\C++\Project1\Vector.h(148,7):
      'void Vector<T>::unsort(void)'
      C:\Users\Wang\Desktop\C++\Project1\Vector.h(145,7):
      'void Vector<T>::unsort(Rank,Rank)'
  
C:\Users\Wang\Desktop\C++\Project1\Vector.h(232,38): error C2244: “Vector::find”: 无法将函数定义与现有的声明匹配
  (编译源文件“源.cpp”)
      C:\Users\Wang\Desktop\C++\Project1\Vector.h(232,38):
      参见“Vector::find”的声明
      C:\Users\Wang\Desktop\C++\Project1\Vector.h(232,38):
      定义
      C:\Users\Wang\Desktop\C++\Project1\Vector.h(232,38):
      'Rank Vector::find(const T &,Rank,Rank) const'
      C:\Users\Wang\Desktop\C++\Project1\Vector.h(232,38):
      现有声明
      C:\Users\Wang\Desktop\C++\Project1\Vector.h(86,7):
      'Rank Vector<T>::find(const T &,Rank,Rank) const'
      C:\Users\Wang\Desktop\C++\Project1\Vector.h(81,7):
      'Rank Vector<T>::find(const T &) const'
  
C:\Users\Wang\Desktop\C++\Project1\Vector.h(238,39): error C2244: “Vector::insert”: 无法将函数定义与现有的声明匹配
  (编译源文件“源.cpp”)
      C:\Users\Wang\Desktop\C++\Project1\Vector.h(238,39):
      参见“Vector::insert”的声明
      C:\Users\Wang\Desktop\C++\Project1\Vector.h(238,39):
      定义
      C:\Users\Wang\Desktop\C++\Project1\Vector.h(238,39):
      'Rank Vector::insert(Rank,const T &)'
      C:\Users\Wang\Desktop\C++\Project1\Vector.h(238,39):
      现有声明
      C:\Users\Wang\Desktop\C++\Project1\Vector.h(123,7):
      'Rank Vector<T>::insert(const T &)'
      C:\Users\Wang\Desktop\C++\Project1\Vector.h(120,7):
      'Rank Vector<T>::insert(Rank,const T &)'
  
C:\Users\Wang\Desktop\C++\Project1\Vector.h(248,38): error C2244: “Vector::remove”: 无法将函数定义与现有的声明匹配
  (编译源文件“源.cpp”)
      C:\Users\Wang\Desktop\C++\Project1\Vector.h(248,38):
      参见“Vector::remove”的声明
      C:\Users\Wang\Desktop\C++\Project1\Vector.h(248,38):
      定义
      C:\Users\Wang\Desktop\C++\Project1\Vector.h(248,38):
      'int Vector::remove(Rank,Rank)'
      C:\Users\Wang\Desktop\C++\Project1\Vector.h(248,38):
      现有声明
      C:\Users\Wang\Desktop\C++\Project1\Vector.h(115,6):
      'int Vector<T>::remove(Rank,Rank)'
      C:\Users\Wang\Desktop\C++\Project1\Vector.h(110,4):
      'T Vector<T>::remove(Rank)'
  
C:\Users\Wang\Desktop\C++\Project1\Vector.h(258,36): error C2244: “Vector::remove”: 无法将函数定义与现有的声明匹配
  (编译源文件“源.cpp”)
      C:\Users\Wang\Desktop\C++\Project1\Vector.h(258,36):
      参见“Vector::remove”的声明
      C:\Users\Wang\Desktop\C++\Project1\Vector.h(258,36):
      定义
      C:\Users\Wang\Desktop\C++\Project1\Vector.h(258,36):
      'T Vector::remove(Rank)'
      C:\Users\Wang\Desktop\C++\Project1\Vector.h(258,36):
      现有声明
      C:\Users\Wang\Desktop\C++\Project1\Vector.h(115,6):
      'int Vector<T>::remove(Rank,Rank)'
      C:\Users\Wang\Desktop\C++\Project1\Vector.h(110,4):
      'T Vector<T>::remove(Rank)'
  
C:\Users\Wang\Desktop\C++\Project1\Vector.h(265,38): error C2244: “Vector::deduplicate”: 无法将函数定义与现有的声明匹配
  (编译源文件“源.cpp”)
      C:\Users\Wang\Desktop\C++\Project1\Vector.h(265,38):
      参见“Vector::deduplicate”的声明
      C:\Users\Wang\Desktop\C++\Project1\Vector.h(265,38):
      定义
      C:\Users\Wang\Desktop\C++\Project1\Vector.h(265,38):
      'int Vector::deduplicate(void)'
      C:\Users\Wang\Desktop\C++\Project1\Vector.h(265,38):
      现有声明
      C:\Users\Wang\Desktop\C++\Project1\Vector.h(151,6):
      'int Vector<T>::deduplicate(void)'
  
C:\Users\Wang\Desktop\C++\Project1\Vector.h(276,38): error C2244: “Vector::traverse”: 无法将函数定义与现有的声明匹配
  (编译源文件“源.cpp”)
      C:\Users\Wang\Desktop\C++\Project1\Vector.h(276,38):
      参见“Vector::traverse”的声明
      C:\Users\Wang\Desktop\C++\Project1\Vector.h(276,38):
      定义
      C:\Users\Wang\Desktop\C++\Project1\Vector.h(276,38):
      'void Vector::traverse(void (__cdecl *)(T &))'
      C:\Users\Wang\Desktop\C++\Project1\Vector.h(276,38):
      现有声明
      C:\Users\Wang\Desktop\C++\Project1\Vector.h(162,31):
      'void Vector<T>::traverse(VST &)'
      C:\Users\Wang\Desktop\C++\Project1\Vector.h(158,7):
      'void Vector<T>::traverse(void (__cdecl *)(T &))'
  
C:\Users\Wang\Desktop\C++\Project1\Vector.h(282,61): error C2244: “Vector::traverse”: 无法将函数定义与现有的声明匹配
  (编译源文件“源.cpp”)
      C:\Users\Wang\Desktop\C++\Project1\Vector.h(282,61):
      参见“Vector::traverse”的声明
      C:\Users\Wang\Desktop\C++\Project1\Vector.h(282,61):
      定义
      C:\Users\Wang\Desktop\C++\Project1\Vector.h(282,61):
      'void Vector::traverse(VST &)'
      C:\Users\Wang\Desktop\C++\Project1\Vector.h(282,61):
      现有声明
      C:\Users\Wang\Desktop\C++\Project1\Vector.h(162,31):
      'void Vector<T>::traverse(VST &)'
      C:\Users\Wang\Desktop\C++\Project1\Vector.h(158,7):
      'void Vector<T>::traverse(void (__cdecl *)(T &))'
  
C:\Users\Wang\Desktop\C++\Project1\Vector.h(288,37): error C2244: “Vector::disordered”: 无法将函数定义与现有的声明匹配
  (编译源文件“源.cpp”)
      C:\Users\Wang\Desktop\C++\Project1\Vector.h(288,37):
      参见“Vector::disordered”的声明
      C:\Users\Wang\Desktop\C++\Project1\Vector.h(288,37):
      定义
      C:\Users\Wang\Desktop\C++\Project1\Vector.h(288,37):
      'int Vector::disordered(void) const'
      C:\Users\Wang\Desktop\C++\Project1\Vector.h(288,37):
      现有声明
      C:\Users\Wang\Desktop\C++\Project1\Vector.h(77,6):
      'int Vector<T>::disordered(void) const'
  
C:\Users\Wang\Desktop\C++\Project1\Vector.h(298,37): error C2244: “Vector::uniquify”: 无法将函数定义与现有的声明匹配
  (编译源文件“源.cpp”)
      C:\Users\Wang\Desktop\C++\Project1\Vector.h(298,37):
      参见“Vector::uniquify”的声明
      C:\Users\Wang\Desktop\C++\Project1\Vector.h(298,37):
      定义
      C:\Users\Wang\Desktop\C++\Project1\Vector.h(298,37):
      'int Vector::uniquify(void)'
      C:\Users\Wang\Desktop\C++\Project1\Vector.h(298,37):
      现有声明
      C:\Users\Wang\Desktop\C++\Project1\Vector.h(154,6):
      'int Vector<T>::uniquify(void)'
  
C:\Users\Wang\Desktop\C++\Project1\Vector.h(312,38): error C2244: “Vector::search”: 无法将函数定义与现有的声明匹配
  (编译源文件“源.cpp”)
      C:\Users\Wang\Desktop\C++\Project1\Vector.h(312,38):
      参见“Vector::search”的声明
      C:\Users\Wang\Desktop\C++\Project1\Vector.h(312,38):
      定义
      C:\Users\Wang\Desktop\C++\Project1\Vector.h(312,38):
      'Rank Vector::search(const T &,Rank,Rank) const'
      C:\Users\Wang\Desktop\C++\Project1\Vector.h(312,38):
      现有声明
      C:\Users\Wang\Desktop\C++\Project1\Vector.h(98,7):
      'Rank Vector<T>::search(const T &,Rank,Rank) const'
      C:\Users\Wang\Desktop\C++\Project1\Vector.h(90,7):
      'Rank Vector<T>::search(const T &) const'
  
C:\Users\Wang\Desktop\C++\Project1\Vector.h(318,35): error C2995: “Rank binSearch(T *,const T &,Rank,Rank)”: 函数模板已经定义
  (编译源文件“源.cpp”)
      C:\Users\Wang\Desktop\C++\Project1\Vector.h(318,35):
      参见“binSearch”的声明
  
C:\Users\Wang\Desktop\C++\Project1\Vector.h(327,39): error C2244: “Vector::sort”: 无法将函数定义与现有的声明匹配
  (编译源文件“源.cpp”)
      C:\Users\Wang\Desktop\C++\Project1\Vector.h(327,39):
      参见“Vector::sort”的声明
      C:\Users\Wang\Desktop\C++\Project1\Vector.h(327,39):
      定义
      C:\Users\Wang\Desktop\C++\Project1\Vector.h(327,39):
      'void Vector::sort(Rank,Rank)'
      C:\Users\Wang\Desktop\C++\Project1\Vector.h(327,39):
      现有声明
      C:\Users\Wang\Desktop\C++\Project1\Vector.h(129,7):
      'void Vector<T>::sort(void)'
      C:\Users\Wang\Desktop\C++\Project1\Vector.h(126,7):
      'void Vector<T>::sort(Rank,Rank)'
  
C:\Users\Wang\Desktop\C++\Project1\Vector.h(338,38): error C2244: “Vector::bubbleSort”: 无法将函数定义与现有的声明匹配
  (编译源文件“源.cpp”)
      C:\Users\Wang\Desktop\C++\Project1\Vector.h(338,38):
      参见“Vector::bubbleSort”的声明
      C:\Users\Wang\Desktop\C++\Project1\Vector.h(338,38):
      定义
      C:\Users\Wang\Desktop\C++\Project1\Vector.h(338,38):
      'void Vector::bubbleSort(Rank,Rank)'
      C:\Users\Wang\Desktop\C++\Project1\Vector.h(338,38):
      现有声明
      C:\Users\Wang\Desktop\C++\Project1\Vector.h(135,7):
      'void Vector<T>::bubbleSort(void)'
      C:\Users\Wang\Desktop\C++\Project1\Vector.h(134,7):
      'void Vector<T>::bubbleSort(Rank,Rank)'
  
C:\Users\Wang\Desktop\C++\Project1\Vector.h(343,38): error C2244: “Vector::bubble”: 无法将函数定义与现有的声明匹配
  (编译源文件“源.cpp”)
      C:\Users\Wang\Desktop\C++\Project1\Vector.h(343,38):
      参见“Vector::bubble”的声明
      C:\Users\Wang\Desktop\C++\Project1\Vector.h(343,38):
      定义
      C:\Users\Wang\Desktop\C++\Project1\Vector.h(343,38):
      'bool Vector::bubble(Rank,Rank)'
      C:\Users\Wang\Desktop\C++\Project1\Vector.h(343,38):
      现有声明
      C:\Users\Wang\Desktop\C++\Project1\Vector.h(131,7):
      'bool Vector<T>::bubble(Rank,Rank)'
  
C:\Users\Wang\Desktop\C++\Project1\Vector.h(355,38): error C2244: “Vector::mergeSort”: 无法将函数定义与现有的声明匹配
  (编译源文件“源.cpp”)
      C:\Users\Wang\Desktop\C++\Project1\Vector.h(355,38):
      参见“Vector::mergeSort”的声明
      C:\Users\Wang\Desktop\C++\Project1\Vector.h(355,38):
      定义
      C:\Users\Wang\Desktop\C++\Project1\Vector.h(355,38):
      'void Vector::mergeSort(Rank,Rank)'
      C:\Users\Wang\Desktop\C++\Project1\Vector.h(355,38):
      现有声明
      C:\Users\Wang\Desktop\C++\Project1\Vector.h(142,7):
      'void Vector<T>::mergeSort(void)'
      C:\Users\Wang\Desktop\C++\Project1\Vector.h(141,7):
      'void Vector<T>::mergeSort(Rank,Rank)'
  
C:\Users\Wang\Desktop\C++\Project1\Vector.h(364,38): error C2244: “Vector::merge”: 无法将函数定义与现有的声明匹配
  (编译源文件“源.cpp”)
      C:\Users\Wang\Desktop\C++\Project1\Vector.h(364,38):
      参见“Vector::merge”的声明
      C:\Users\Wang\Desktop\C++\Project1\Vector.h(364,38):
      定义
      C:\Users\Wang\Desktop\C++\Project1\Vector.h(364,38):
      'void Vector::merge(Rank,Rank,Rank)'
      C:\Users\Wang\Desktop\C++\Project1\Vector.h(364,38):
      现有声明
      C:\Users\Wang\Desktop\C++\Project1\Vector.h(137,7):
      'void Vector<T>::merge(Rank,Rank,Rank)'
  
C:\Users\Wang\Desktop\C++\Project1\Vector.h(381,38): error C2244: “Vector::selectionSort”: 无法将函数定义与现有的声明匹配
  (编译源文件“源.cpp”)
      C:\Users\Wang\Desktop\C++\Project1\Vector.h(381,38):
      参见“Vector::selectionSort”的声明
      C:\Users\Wang\Desktop\C++\Project1\Vector.h(381,38):
      定义
      C:\Users\Wang\Desktop\C++\Project1\Vector.h(381,38):
      'void Vector::selectionSort(Rank,Rank)'
      C:\Users\Wang\Desktop\C++\Project1\Vector.h(381,38):
      现有声明
      C:\Users\Wang\Desktop\C++\Project1\Vector.h(35,7):
      'void Vector<T>::selectionSort(Rank,Rank)'
  
C:\Users\Wang\Desktop\C++\Project1\Vector.h(389,38): error C2244: “Vector::max”: 无法将函数定义与现有的声明匹配
  (编译源文件“源.cpp”)
      C:\Users\Wang\Desktop\C++\Project1\Vector.h(389,38):
      参见“Vector::max”的声明
      C:\Users\Wang\Desktop\C++\Project1\Vector.h(389,38):
      定义
      C:\Users\Wang\Desktop\C++\Project1\Vector.h(389,38):
      'Rank Vector::max(Rank,Rank)'
      C:\Users\Wang\Desktop\C++\Project1\Vector.h(389,38):
      现有声明
      C:\Users\Wang\Desktop\C++\Project1\Vector.h(32,7):
      'Rank Vector<T>::max(Rank,Rank)'
  
C:\Users\Wang\Desktop\C++\Project1\Stack.h(9,44): error C2955: “Vector”: 使用 类 模板 需要 模板 参数列表
  (编译源文件“源.cpp”)
      C:\Users\Wang\Desktop\C++\Project1\Vector.h(13,29):
      参见“Vector”的声明
      C:\Users\Wang\Desktop\C++\Project1\Stack.h(9,44):
      模板实例化上下文(最早的实例化上下文)为
          C:\Users\Wang\Desktop\C++\Project1\Stack.h(9,29):
          在编译类模板“Stack”时
  
C:\Users\Wang\Desktop\C++\Project1\Stack.h(26,18): error C2039: "empty": 不是 "Stack<char>" 的成员
  (编译源文件“源.cpp”)
      C:\Users\Wang\Desktop\C++\Project1\Stack.h(9,29):
      参见“Stack<char>”的声明
  
C:\Users\Wang\Desktop\C++\Project1\Stack.h(27,18): error C2039: "empty": 不是 "Stack<char>" 的成员
  (编译源文件“源.cpp”)
      C:\Users\Wang\Desktop\C++\Project1\Stack.h(9,29):
      参见“Stack<char>”的声明
  
C:\Users\Wang\Desktop\C++\Project1\Stack.h(28,18): error C2039: "empty": 不是 "Stack<char>" 的成员
  (编译源文件“源.cpp”)
      C:\Users\Wang\Desktop\C++\Project1\Stack.h(9,29):
      参见“Stack<char>”的声明
  
C:\Users\Wang\Desktop\C++\Project1\Stack.h(32,11): error C2039: "empty": 不是 "Stack<char>" 的成员
  (编译源文件“源.cpp”)
      C:\Users\Wang\Desktop\C++\Project1\Stack.h(9,29):
      参见“Stack<char>”的声明
  
C:\Users\Wang\Desktop\C++\Project1\Stack.h(53,5): error C4996: 'sprintf': This function or variable may be unsafe. Consider using sprintf_s instead. To disable deprecation, use _CRT_SECURE_NO_WARNINGS. See online help for details.
  (编译源文件“源.cpp”)
  
C:\Users\Wang\Desktop\C++\Project1\Stack.h(54,5): error C4996: 'strcat': This function or variable may be unsafe. Consider using strcat_s instead. To disable deprecation, use _CRT_SECURE_NO_WARNINGS. See online help for details.
  (编译源文件“源.cpp”)
  
C:\Users\Wang\Desktop\C++\Project1\Stack.h(60,5): error C4996: 'strcat': This function or variable may be unsafe. Consider using strcat_s instead. To disable deprecation, use _CRT_SECURE_NO_WARNINGS. See online help for details.
  (编译源文件“源.cpp”)
  
C:\Users\Wang\Desktop\C++\Project1\Stack.h(148,18): error C2039: "empty": 不是 "Stack<char>" 的成员
  (编译源文件“源.cpp”)
      C:\Users\Wang\Desktop\C++\Project1\Stack.h(9,29):
      参见“Stack<char>”的声明
  
C:\Users\Wang\Desktop\C++\Project1\源.cpp(14,21): error C2662: “Rank Vector<T>::size(void) const”: 不能将“this”指针从“Vector”转换为“const Vector<T> &”
      C:\Users\Wang\Desktop\C++\Project1\源.cpp(14,13):
      原因如下: 无法从“Vector”转换为“const Vector<T>”
      C:\Users\Wang\Desktop\C++\Project1\源.cpp(14,13):
      转换要求第二个用户定义的转换运算符或构造函数
      C:\Users\Wang\Desktop\C++\Project1\Vector.h(72,7):
      参见“Vector<T>::size”的声明
      C:\Users\Wang\Desktop\C++\Project1\源.cpp(14,21):
      尝试匹配参数列表“()”时
  
C:\Users\Wang\Desktop\C++\Project1\源.cpp(18,20): error C2039: "empty": 不是 "Stack<int>" 的成员
      C:\Users\Wang\Desktop\C++\Project1\Stack.h(9,29):
      参见“Stack<int>”的声明
  
C:\Users\Wang\Desktop\C++\Project1\源.cpp(18,31): error C2678: 二进制“[”: 没有找到接受“Vector”类型的左操作数的运算符(或没有可接受的转换)
      C:\Users\Wang\Desktop\C++\Project1\Vector.h(102,5):
      可能是“T &Vector<T>::operator [](Rank)”
          C:\Users\Wang\Desktop\C++\Project1\源.cpp(18,31):
          “T &Vector<T>::operator [](Rank)”: 不能将“this”指针从“Vector”转换为“Vector<T> &”
              C:\Users\Wang\Desktop\C++\Project1\源.cpp(18,31):
              原因如下: 无法从“Vector”转换为“Vector<T>”
              C:\Users\Wang\Desktop\C++\Project1\源.cpp(18,31):
              转换要求第二个用户定义的转换运算符或构造函数
      C:\Users\Wang\Desktop\C++\Project1\源.cpp(18,31):
      尝试匹配参数列表“(Vector, int)”时
  
C:\Users\Wang\Desktop\C++\Project1\源.cpp(18,44): error C2678: 二进制“[”: 没有找到接受“Vector”类型的左操作数的运算符(或没有可接受的转换)
      C:\Users\Wang\Desktop\C++\Project1\Vector.h(102,5):
      可能是“T &Vector<T>::operator [](Rank)”
          C:\Users\Wang\Desktop\C++\Project1\源.cpp(18,44):
          “T &Vector<T>::operator [](Rank)”: 不能将“this”指针从“Vector”转换为“Vector<T> &”
              C:\Users\Wang\Desktop\C++\Project1\源.cpp(18,44):
              原因如下: 无法从“Vector”转换为“Vector<T>”
              C:\Users\Wang\Desktop\C++\Project1\源.cpp(18,44):
              转换要求第二个用户定义的转换运算符或构造函数
      C:\Users\Wang\Desktop\C++\Project1\源.cpp(18,44):
      尝试匹配参数列表“(Vector, T)”时
          with
          [
              T=int
          ]
  
C:\Users\Wang\Desktop\C++\Project1\源.cpp(19,26): error C2678: 二进制“[”: 没有找到接受“Vector”类型的左操作数的运算符(或没有可接受的转换)
      C:\Users\Wang\Desktop\C++\Project1\Vector.h(102,5):
      可能是“T &Vector<T>::operator [](Rank)”
          C:\Users\Wang\Desktop\C++\Project1\源.cpp(19,26):
          “T &Vector<T>::operator [](Rank)”: 不能将“this”指针从“Vector”转换为“Vector<T> &”
              C:\Users\Wang\Desktop\C++\Project1\源.cpp(19,26):
              原因如下: 无法从“Vector”转换为“Vector<T>”
              C:\Users\Wang\Desktop\C++\Project1\源.cpp(19,26):
              转换要求第二个用户定义的转换运算符或构造函数
      C:\Users\Wang\Desktop\C++\Project1\源.cpp(19,26):
      尝试匹配参数列表“(Vector, T)”时
          with
          [
              T=int
          ]
  
C:\Users\Wang\Desktop\C++\Project1\源.cpp(22,28): error C2039: "empty": 不是 "Stack<int>" 的成员
      C:\Users\Wang\Desktop\C++\Project1\Stack.h(9,29):
      参见“Stack<int>”的声明
  
C:\Users\Wang\Desktop\C++\Project1\源.cpp(29,16): error C2039: "empty": 不是 "Stack<int>" 的成员
      C:\Users\Wang\Desktop\C++\Project1\Stack.h(9,29):
      参见“Stack<int>”的声明
  
C:\Users\Wang\Desktop\C++\Project1\源.cpp(30,22): error C2678: 二进制“[”: 没有找到接受“Vector”类型的左操作数的运算符(或没有可接受的转换)
      C:\Users\Wang\Desktop\C++\Project1\Vector.h(102,5):
      可能是“T &Vector<T>::operator [](Rank)”
          C:\Users\Wang\Desktop\C++\Project1\源.cpp(30,22):
          “T &Vector<T>::operator [](Rank)”: 不能将“this”指针从“Vector”转换为“Vector<T> &”
              C:\Users\Wang\Desktop\C++\Project1\源.cpp(30,22):
              原因如下: 无法从“Vector”转换为“Vector<T>”
              C:\Users\Wang\Desktop\C++\Project1\源.cpp(30,22):
              转换要求第二个用户定义的转换运算符或构造函数
      C:\Users\Wang\Desktop\C++\Project1\源.cpp(30,22):
      尝试匹配参数列表“(Vector, T)”时
          with
          [
              T=int
          ]
  
C:\Users\Wang\Desktop\C++\Project1\源.cpp(33,24): error C2039: "empty": 不是 "Stack<int>" 的成员
      C:\Users\Wang\Desktop\C++\Project1\Stack.h(9,29):
      参见“Stack<int>”的声明
  
C:\Users\Wang\Desktop\C++\Project1\源.cpp(42,15): warning C4244: “参数”: 从“time_t”转换到“unsigned int”，可能丢失数据
C:\Users\Wang\Desktop\C++\Project1\源.cpp(47,13): error C2678: 二进制“[”: 没有找到接受“Vector”类型的左操作数的运算符(或没有可接受的转换)
      C:\Users\Wang\Desktop\C++\Project1\Vector.h(102,5):
      可能是“T &Vector<T>::operator [](Rank)”
          C:\Users\Wang\Desktop\C++\Project1\源.cpp(47,13):
          “T &Vector<T>::operator [](Rank)”: 不能将“this”指针从“Vector”转换为“Vector<T> &”
              C:\Users\Wang\Desktop\C++\Project1\源.cpp(47,13):
              原因如下: 无法从“Vector”转换为“Vector<T>”
              C:\Users\Wang\Desktop\C++\Project1\源.cpp(47,13):
              转换要求第二个用户定义的转换运算符或构造函数
      C:\Users\Wang\Desktop\C++\Project1\源.cpp(47,13):
      尝试匹配参数列表“(Vector, int)”时
  
